<?xml version="1.0" encoding="UTF-8"?>
<!-- Generated by org.testng.reporters.JUnitReportReporter -->
<testsuite hostname="AV-PN-JONDHALEP" name="Selenium.FlipkartPOM" tests="1" failures="0" timestamp="19 Nov 2018 11:02:20 GMT" time="26.105" errors="0">
  <testcase name="takeScreenShot" time="26.105" classname="Selenium.FlipkartPOM"/>
</testsuite> <!-- Selenium.FlipkartPOM -->
