<?xml version="1.0" encoding="UTF-8"?>
<!-- Generated by org.testng.reporters.JUnitReportReporter -->
<testsuite hostname="AV-PN-JONDHALEP" name="UsingPageFactory.FlipkartTestPF" tests="1" failures="0" timestamp="17 Nov 2018 13:11:08 GMT" time="9.606" errors="0">
  <testcase name="login" time="9.606" classname="UsingPageFactory.FlipkartTestPF"/>
</testsuite> <!-- UsingPageFactory.FlipkartTestPF -->
