<?xml version="1.0" encoding="UTF-8"?>
<!-- Generated by org.testng.reporters.JUnitReportReporter -->
<testsuite hostname="AV-PN-JONDHALEP" name="Selenium.FlipkartTest" tests="1" failures="0" timestamp="17 Nov 2018 12:07:06 GMT" time="28.384" errors="0">
  <testcase name="TestFlipkart" time="28.384" classname="Selenium.FlipkartTest"/>
</testsuite> <!-- Selenium.FlipkartTest -->
